# JRE version: Java(TM) SE Runtime Environment (11.0.1+13) (build 11.0.1+13-LTS)
# Java VM: Java HotSpot(TM) 64-Bit Server VM (11.0.1+13-LTS, mixed mode, tiered, compressed oops, g1 gc, bsd-amd64)
Heap:
 garbage-first heap   total 315392K, used 155885K [0x0000000700000000, 0x0000000800000000)
  region size 1024K, 140 young (143360K), 16 survivors (16384K)
 Metaspace       used 68115K, capacity 69841K, committed 70144K, reserved 1110016K
  class space    used 8934K, capacity 9626K, committed 9728K, reserved 1048576K
GC Heap History (10 events):
Event: 1.818 GC heap before
{Heap before GC invocations=4 (full 0):
 garbage-first heap   total 262144K, used 38958K [0x0000000700000000, 0x0000000800000000)
  region size 1024K, 34 young (34816K), 3 survivors (3072K)
 Metaspace       used 20536K, capacity 21141K, committed 21296K, reserved 1069056K
  class space    used 2438K, capacity 2658K, committed 2688K, reserved 1048576K
}
Event: 1.821 GC heap after
{Heap after GC invocations=5 (full 0):
 garbage-first heap   total 262144K, used 9822K [0x0000000700000000, 0x0000000800000000)
  region size 1024K, 3 young (3072K), 3 survivors (3072K)
 Metaspace       used 20536K, capacity 21141K, committed 21296K, reserved 1069056K
  class space    used 2438K, capacity 2658K, committed 2688K, reserved 1048576K
}
Event: 4.624 GC heap before
{Heap before GC invocations=6 (full 0):
 garbage-first heap   total 262144K, used 162398K [0x0000000700000000, 0x0000000800000000)
  region size 1024K, 153 young (156672K), 3 survivors (3072K)
 Metaspace       used 29498K, capacity 30441K, committed 30720K, reserved 1075200K
  class space    used 3641K, capacity 3990K, committed 4096K, reserved 1048576K
}
Event: 4.633 GC heap after
{Heap after GC invocations=7 (full 0):
 garbage-first heap   total 262144K, used 14133K [0x0000000700000000, 0x0000000800000000)
  region size 1024K, 8 young (8192K), 8 survivors (8192K)
 Metaspace       used 29498K, capacity 30441K, committed 30720K, reserved 1075200K
  class space    used 3641K, capacity 3990K, committed 4096K, reserved 1048576K
}
Event: 5.746 GC heap before
{Heap before GC invocations=7 (full 0):
 garbage-first heap   total 262144K, used 90933K [0x0000000700000000, 0x0000000800000000)
  region size 1024K, 84 young (86016K), 8 survivors (8192K)
 Metaspace       used 34669K, capacity 35850K, committed 36048K, reserved 1081344K
  class space    used 4400K, capacity 4869K, committed 4992K, reserved 1048576K
}
Event: 5.762 GC heap after
{Heap after GC invocations=8 (full 0):
 garbage-first heap   total 315392K, used 17791K [0x0000000700000000, 0x0000000800000000)
  region size 1024K, 11 young (11264K), 11 survivors (11264K)
 Metaspace       used 34669K, capacity 35850K, committed 36048K, reserved 1081344K
  class space    used 4400K, capacity 4869K, committed 4992K, reserved 1048576K
}
Event: 7.983 GC heap before
{Heap before GC invocations=9 (full 0):
 garbage-first heap   total 315392K, used 193919K [0x0000000700000000, 0x0000000800000000)
  region size 1024K, 184 young (188416K), 11 survivors (11264K)
 Metaspace       used 49032K, capacity 50322K, committed 50688K, reserved 1093632K
  class space    used 6291K, capacity 6790K, committed 6912K, reserved 1048576K
}
Event: 7.997 GC heap after
{Heap after GC invocations=10 (full 0):
 garbage-first heap   total 315392K, used 25608K [0x0000000700000000, 0x0000000800000000)
  region size 1024K, 19 young (19456K), 19 survivors (19456K)
 Metaspace       used 49032K, capacity 50322K, committed 50688K, reserved 1093632K
  class space    used 6291K, capacity 6790K, committed 6912K, reserved 1048576K
}
Event: 9.543 GC heap before
{Heap before GC invocations=10 (full 0):
 garbage-first heap   total 315392K, used 136200K [0x0000000700000000, 0x0000000800000000)
  region size 1024K, 128 young (131072K), 19 survivors (19456K)
 Metaspace       used 58808K, capacity 60142K, committed 60416K, reserved 1101824K
  class space    used 7684K, capacity 8192K, committed 8192K, reserved 1048576K
}
Event: 9.566 GC heap after
{Heap after GC invocations=11 (full 0):
 garbage-first heap   total 315392K, used 29933K [0x0000000700000000, 0x0000000800000000)
  region size 1024K, 16 young (16384K), 16 survivors (16384K)
 Metaspace       used 58808K, capacity 60142K, committed 60416K, reserved 1101824K
  class space    used 7684K, capacity 8192K, committed 8192K, reserved 1048576K
}

